# HELP cpu_core_number CPU Core Number of this PC
# TYPE cpu_core_number gauge
cpu_core_number 4
# HELP cpu_utilization CPU utilization of this PC
# TYPE cpu_utilization gauge
cpu_utilization{cpu_id="0"} 2.0202020221024846
cpu_utilization{cpu_id="1"} 1.999999979045242
cpu_utilization{cpu_id="2"} 1.0000000009313226
cpu_utilization{cpu_id="3"} 0.9900990108139619
# HELP demo_number DEMO NUmber
# TYPE demo_number gauge
demo_number 1
# HELP go_gc_duration_seconds A summary of the pause duration of garbage collection cycles.
# TYPE go_gc_duration_seconds summary
go_gc_duration_seconds{quantile="0"} 5.9949e-05
go_gc_duration_seconds{quantile="0.25"} 5.9949e-05
go_gc_duration_seconds{quantile="0.5"} 5.9949e-05
go_gc_duration_seconds{quantile="0.75"} 5.9949e-05
go_gc_duration_seconds{quantile="1"} 5.9949e-05
go_gc_duration_seconds_sum 5.9949e-05
go_gc_duration_seconds_count 1
# HELP go_goroutines Number of goroutines that currently exist.
# TYPE go_goroutines gauge
go_goroutines 9
# HELP go_info Information about the Go environment.
# TYPE go_info gauge
go_info{version="go1.19.3"} 1
# HELP go_memstats_alloc_bytes Number of bytes allocated and still in use.
# TYPE go_memstats_alloc_bytes gauge
go_memstats_alloc_bytes 2.740336e+06
# HELP go_memstats_alloc_bytes_total Total number of bytes allocated, even if freed.
# TYPE go_memstats_alloc_bytes_total counter
go_memstats_alloc_bytes_total 4.884384e+06
# HELP go_memstats_buck_hash_sys_bytes Number of bytes used by the profiling bucket hash table.
# TYPE go_memstats_buck_hash_sys_bytes gauge
go_memstats_buck_hash_sys_bytes 4646
# HELP go_memstats_frees_total Total number of frees.
# TYPE go_memstats_frees_total counter
go_memstats_frees_total 16282
# HELP go_memstats_gc_sys_bytes Number of bytes used for garbage collection system metadata.
# TYPE go_memstats_gc_sys_bytes gauge
go_memstats_gc_sys_bytes 4.907584e+06
# HELP go_memstats_heap_alloc_bytes Number of heap bytes allocated and still in use.
# TYPE go_memstats_heap_alloc_bytes gauge
go_memstats_heap_alloc_bytes 2.740336e+06
# HELP go_memstats_heap_idle_bytes Number of heap bytes waiting to be used.
# TYPE go_memstats_heap_idle_bytes gauge
go_memstats_heap_idle_bytes 4.202496e+06
# HELP go_memstats_heap_inuse_bytes Number of heap bytes that are in use.
# TYPE go_memstats_heap_inuse_bytes gauge
go_memstats_heap_inuse_bytes 3.858432e+06
# HELP go_memstats_heap_objects Number of allocated objects.
# TYPE go_memstats_heap_objects gauge
go_memstats_heap_objects 12844
# HELP go_memstats_heap_released_bytes Number of heap bytes released to OS.
# TYPE go_memstats_heap_released_bytes gauge
go_memstats_heap_released_bytes 3.145728e+06
# HELP go_memstats_heap_sys_bytes Number of heap bytes obtained from system.
# TYPE go_memstats_heap_sys_bytes gauge
go_memstats_heap_sys_bytes 8.060928e+06
# HELP go_memstats_last_gc_time_seconds Number of seconds since 1970 of last garbage collection.
# TYPE go_memstats_last_gc_time_seconds gauge
go_memstats_last_gc_time_seconds 1.6751659306811075e+09
# HELP go_memstats_lookups_total Total number of pointer lookups.
# TYPE go_memstats_lookups_total counter
go_memstats_lookups_total 0
# HELP go_memstats_mallocs_total Total number of mallocs.
# TYPE go_memstats_mallocs_total counter
go_memstats_mallocs_total 29126
# HELP go_memstats_mcache_inuse_bytes Number of bytes in use by mcache structures.
# TYPE go_memstats_mcache_inuse_bytes gauge
go_memstats_mcache_inuse_bytes 1200
# HELP go_memstats_mcache_sys_bytes Number of bytes used for mcache structures obtained from system.
# TYPE go_memstats_mcache_sys_bytes gauge
go_memstats_mcache_sys_bytes 15600
# HELP go_memstats_mspan_inuse_bytes Number of bytes in use by mspan structures.
# TYPE go_memstats_mspan_inuse_bytes gauge
go_memstats_mspan_inuse_bytes 45832
# HELP go_memstats_mspan_sys_bytes Number of bytes used for mspan structures obtained from system.
# TYPE go_memstats_mspan_sys_bytes gauge
go_memstats_mspan_sys_bytes 65280
# HELP go_memstats_next_gc_bytes Number of heap bytes when next garbage collection will take place.
# TYPE go_memstats_next_gc_bytes gauge
go_memstats_next_gc_bytes 4.194304e+06
# HELP go_memstats_other_sys_bytes Number of bytes used for other system allocations.
# TYPE go_memstats_other_sys_bytes gauge
go_memstats_other_sys_bytes 936890
# HELP go_memstats_stack_inuse_bytes Number of bytes in use by the stack allocator.
# TYPE go_memstats_stack_inuse_bytes gauge
go_memstats_stack_inuse_bytes 327680
# HELP go_memstats_stack_sys_bytes Number of bytes obtained from system for stack allocator.
# TYPE go_memstats_stack_sys_bytes gauge
go_memstats_stack_sys_bytes 327680
# HELP go_memstats_sys_bytes Number of bytes obtained from system.
# TYPE go_memstats_sys_bytes gauge
go_memstats_sys_bytes 1.4318608e+07
# HELP go_threads Number of OS threads created.
# TYPE go_threads gauge
go_threads 7
# HELP iostat_device iostat_device
# TYPE iostat_device counter
iostat_device{device=""} 0
iostat_device{device="loop0"} 0
iostat_device{device="loop1"} 0
iostat_device{device="mmcblk0"} 0
iostat_device{device="mtdblock0"} 0
iostat_device{device="zram0"} 0
iostat_device{device="zram1"} 0
iostat_device{device="zram2"} 0
iostat_device{device="zram3"} 0
# HELP iostat_kB_read iostat_kB_read
# TYPE iostat_kB_read gauge
iostat_kB_read{device=""} 0
iostat_kB_read{device="loop0"} 983
iostat_kB_read{device="loop1"} 1
iostat_kB_read{device="mmcblk0"} 4.173745e+06
iostat_kB_read{device="mtdblock0"} 80
iostat_kB_read{device="zram0"} 2684
iostat_kB_read{device="zram1"} 2724
iostat_kB_read{device="zram2"} 2828
iostat_kB_read{device="zram3"} 2792
# HELP iostat_kB_read_per_second iostat_kB_read_per_second
# TYPE iostat_kB_read_per_second gauge
iostat_kB_read_per_second{device=""} 0
iostat_kB_read_per_second{device="loop0"} 0
iostat_kB_read_per_second{device="loop1"} 0
iostat_kB_read_per_second{device="mmcblk0"} 2.53
iostat_kB_read_per_second{device="mtdblock0"} 0
iostat_kB_read_per_second{device="zram0"} 0
iostat_kB_read_per_second{device="zram1"} 0
iostat_kB_read_per_second{device="zram2"} 0
iostat_kB_read_per_second{device="zram3"} 0
# HELP iostat_kB_wrtn iostat_kB_wrtn
# TYPE iostat_kB_wrtn gauge
iostat_kB_wrtn{device=""} 0
iostat_kB_wrtn{device="loop0"} 25
iostat_kB_wrtn{device="loop1"} 0
iostat_kB_wrtn{device="mmcblk0"} 1.478334e+07
iostat_kB_wrtn{device="mtdblock0"} 0
iostat_kB_wrtn{device="zram0"} 47608
iostat_kB_wrtn{device="zram1"} 47600
iostat_kB_wrtn{device="zram2"} 47604
iostat_kB_wrtn{device="zram3"} 47612
# HELP iostat_kB_wrtn_per_second iostat_kB_wrtn_per_second
# TYPE iostat_kB_wrtn_per_second gauge
iostat_kB_wrtn_per_second{device=""} 0
iostat_kB_wrtn_per_second{device="loop0"} 0
iostat_kB_wrtn_per_second{device="loop1"} 0
iostat_kB_wrtn_per_second{device="mmcblk0"} 8.96
iostat_kB_wrtn_per_second{device="mtdblock0"} 0
iostat_kB_wrtn_per_second{device="zram0"} 0.03
iostat_kB_wrtn_per_second{device="zram1"} 0.03
iostat_kB_wrtn_per_second{device="zram2"} 0.03
iostat_kB_wrtn_per_second{device="zram3"} 0.03
# HELP iostat_tps iostat_tps
# TYPE iostat_tps gauge
iostat_tps{device=""} 0
iostat_tps{device="loop0"} 0
iostat_tps{device="loop1"} 0
iostat_tps{device="mmcblk0"} 0.19
iostat_tps{device="mtdblock0"} 0
iostat_tps{device="zram0"} 0.01
iostat_tps{device="zram1"} 0.01
iostat_tps{device="zram2"} 0.01
iostat_tps{device="zram3"} 0.01
# HELP jetson_cpu_info cpu info of this jetson nano
# TYPE jetson_cpu_info gauge
jetson_cpu_info{cpu_id="cpu_0_frq"} 1224
jetson_cpu_info{cpu_id="cpu_0_val"} 2
jetson_cpu_info{cpu_id="cpu_1_frq"} 1224
jetson_cpu_info{cpu_id="cpu_1_val"} 1
jetson_cpu_info{cpu_id="cpu_2_frq"} 1224
jetson_cpu_info{cpu_id="cpu_2_val"} 2
jetson_cpu_info{cpu_id="cpu_3_frq"} 1224
jetson_cpu_info{cpu_id="cpu_3_val"} 1
# HELP jetson_ram_info ram info of this jetson nano
# TYPE jetson_ram_info gauge
jetson_ram_info{val="ram_lfb_nblock"} 8
jetson_ram_info{val="ram_lfb_size"} 512
jetson_ram_info{val="ram_tot"} 1980
jetson_ram_info{val="ram_use"} 1382
# HELP jetson_swap_info swap info of this jetson nano
# TYPE jetson_swap_info gauge
jetson_swap_info{val="swap_cached_size"} 3
jetson_swap_info{val="swap_tot"} 5086
jetson_swap_info{val="swap_use"} 183
# HELP jetson_temp_info temp info of this jetson nano
# TYPE jetson_temp_info gauge
jetson_temp_info{name="AO_val"} 43.5
jetson_temp_info{name="CPU_val"} 39.5
jetson_temp_info{name="GPU_val"} 37.5
jetson_temp_info{name="PLL_val"} 34.5
jetson_temp_info{name="PMIC_val"} 50
jetson_temp_info{name="thermal_val"} 38.75
# HELP jetson_vals_info vals info of this jetson nano
# TYPE jetson_vals_info gauge
jetson_vals_info{val="EMC_FREQ"} 0
jetson_vals_info{val="GR3D_FREQ"} 0
# HELP mem_total Mem Total of this PC
# TYPE mem_total gauge
mem_total 2.02746e+06
# HELP mem_utilization Mem utilization of this PC
# TYPE mem_utilization gauge
mem_utilization 66.44037366951753
# HELP net_dev net_dev, and it's ipv4 addr
# TYPE net_dev counter
net_dev{ipv4_addr="",net_dev="dummy0"} 0
net_dev{ipv4_addr="",net_dev="eth0"} 0
net_dev{ipv4_addr="",net_dev="l4tbr0"} 0
net_dev{ipv4_addr="",net_dev="rndis0"} 0
net_dev{ipv4_addr="",net_dev="usb0"} 0
net_dev{ipv4_addr="10.1.83.108",net_dev="wlan0"} 0
net_dev{ipv4_addr="172.17.0.1",net_dev="docker0"} 0
# HELP pci_list_item List of the pci device
# TYPE pci_list_item counter
pci_list_item{device="00:02.0 PCI bridge: NVIDIA Corporation Device 0faf (rev a1)"} 0
pci_list_item{device="01:00.0 Ethernet controller: Realtek Semiconductor Co., Ltd. RTL8111/8168/8411 PCI Express Gigabit Ethernet Controller (rev 15)"} 0
# HELP pci_list_len Length of PCI List of this PC
# TYPE pci_list_len gauge
pci_list_len 2
# HELP process_cpu_seconds_total Total user and system CPU time spent in seconds.
# TYPE process_cpu_seconds_total counter
process_cpu_seconds_total 0.13
# HELP process_max_fds Maximum number of open file descriptors.
# TYPE process_max_fds gauge
process_max_fds 1.048576e+06
# HELP process_open_fds Number of open file descriptors.
# TYPE process_open_fds gauge
process_open_fds 14
# HELP process_resident_memory_bytes Resident memory size in bytes.
# TYPE process_resident_memory_bytes gauge
process_resident_memory_bytes 1.7465344e+07
# HELP process_start_time_seconds Start time of the process since unix epoch in seconds.
# TYPE process_start_time_seconds gauge
process_start_time_seconds 1.67516592429e+09
# HELP process_virtual_memory_bytes Virtual memory size in bytes.
# TYPE process_virtual_memory_bytes gauge
process_virtual_memory_bytes 1.118347264e+09
# HELP process_virtual_memory_max_bytes Maximum amount of virtual memory available in bytes.
# TYPE process_virtual_memory_max_bytes gauge
process_virtual_memory_max_bytes 1.8446744073709552e+19
# HELP promhttp_metric_handler_requests_in_flight Current number of scrapes being served.
# TYPE promhttp_metric_handler_requests_in_flight gauge
promhttp_metric_handler_requests_in_flight 1
# HELP promhttp_metric_handler_requests_total Total number of scrapes by HTTP status code.
# TYPE promhttp_metric_handler_requests_total counter
promhttp_metric_handler_requests_total{code="200"} 13
promhttp_metric_handler_requests_total{code="500"} 0
promhttp_metric_handler_requests_total{code="503"} 0
# HELP receive receive
# TYPE receive gauge
receive{net_dev="docker0"} 0
receive{net_dev="dummy0"} 0
receive{net_dev="eth0"} 0
receive{net_dev="l4tbr0"} 0
receive{net_dev="rndis0"} 0
receive{net_dev="usb0"} 0
receive{net_dev="wlan0"} 4.35373045e+08
# HELP transmit transmit
# TYPE transmit gauge
transmit{net_dev="docker0"} 0
transmit{net_dev="dummy0"} 0
transmit{net_dev="eth0"} 0
transmit{net_dev="l4tbr0"} 0
transmit{net_dev="rndis0"} 0
transmit{net_dev="usb0"} 0
transmit{net_dev="wlan0"} 1.38248409e+08